2020-03-04 19:37:29: == 同步开始由 User Command
2020-03-04 19:37:29: 创建文件夹 '/Volumes/13256950926/Mybook/.git/objects/4f'
2020-03-04 19:37:29: 创建文件夹 '/Volumes/13256950926/Mybook/.git/objects/81'
2020-03-04 19:37:29: 创建文件夹 '/Volumes/13256950926/Mybook/.git/objects/a1'
2020-03-04 19:37:29: 创建文件夹 '/Volumes/13256950926/Mybook/.git/objects/ad'
2020-03-04 19:37:29: 创建文件夹 '/Volumes/13256950926/Mybook/.git/objects/c8'
2020-03-04 19:37:29: 创建文件夹 '/Volumes/13256950926/Mybook/.git/objects/d6'
2020-03-04 19:37:29: 创建文件夹 '/Users/zhongyp/Mybook/middleware'
2020-03-04 19:37:29: 创建文件夹 '/Users/zhongyp/Mybook/tools'
2020-03-04 19:37:29: 覆盖复制 '/Volumes/13256950926/Mybook/.git/COMMIT_EDITMSG' -> '/Users/zhongyp/Mybook/.git/COMMIT_EDITMSG' (19) (User Action)
2020-03-04 19:37:29: 覆盖复制 '/Volumes/13256950926/Mybook/.git/FETCH_HEAD' -> '/Users/zhongyp/Mybook/.git/FETCH_HEAD' (95) (User Action)
2020-03-04 19:37:29: 覆盖复制 '/Volumes/13256950926/Mybook/.git/index' -> '/Users/zhongyp/Mybook/.git/index' (13,148) (User Action)
2020-03-04 19:37:29: 覆盖复制 '/Volumes/13256950926/Mybook/.git/logs/HEAD' -> '/Users/zhongyp/Mybook/.git/logs/HEAD' (3,356) (User Action)
2020-03-04 19:37:29: 覆盖复制 '/Volumes/13256950926/Mybook/.git/logs/refs/heads/master' -> '/Users/zhongyp/Mybook/.git/logs/refs/heads/master' (2,672) (User Action)
2020-03-04 19:37:29: 覆盖复制 '/Volumes/13256950926/Mybook/.git/logs/refs/remotes/origin/master' -> '/Users/zhongyp/Mybook/.git/logs/refs/remotes/origin/master' (1,621) (User Action)
2020-03-04 19:37:29: 新建复制 '/Users/zhongyp/Mybook/.git/objects/04/191df1053b0ed03eb2aca69a10332a00dae82c' -> '/Volumes/13256950926/Mybook/.git/objects/04/191df1053b0ed03eb2aca69a10332a00dae82c' (428)
2020-03-04 19:37:29: 覆盖复制 '/Volumes/13256950926/Mybook/.git/objects/04/1c676ec4e4962e9a0e3e676c5362b02cc00211' -> '/Users/zhongyp/Mybook/.git/objects/04/1c676ec4e4962e9a0e3e676c5362b02cc00211' (4,405,336) (User Action)
2020-03-04 19:37:29: 新建复制 '/Users/zhongyp/Mybook/.git/objects/0c/5a33bc3a957076cd6821442aa8a9e8ab1af722' -> '/Volumes/13256950926/Mybook/.git/objects/0c/5a33bc3a957076cd6821442aa8a9e8ab1af722' (267,842)
2020-03-04 19:37:29: 新建复制 '/Users/zhongyp/Mybook/.git/objects/13/4325fcbf7813d55264a0f7232efe51a8ad824f' -> '/Volumes/13256950926/Mybook/.git/objects/13/4325fcbf7813d55264a0f7232efe51a8ad824f' (486)
2020-03-04 19:37:29: 新建复制 '/Users/zhongyp/Mybook/.git/objects/14/721df7ea58d840a5e857df51d55d1773378dd6' -> '/Volumes/13256950926/Mybook/.git/objects/14/721df7ea58d840a5e857df51d55d1773378dd6' (718)
2020-03-04 19:37:29: 新建复制 '/Users/zhongyp/Mybook/.git/objects/1a/e088cfe1c2883aaabbe2d1940e18fdbe84eb52' -> '/Volumes/13256950926/Mybook/.git/objects/1a/e088cfe1c2883aaabbe2d1940e18fdbe84eb52' (1,522)
2020-03-04 19:37:29: 新建复制 '/Users/zhongyp/Mybook/.git/objects/20/5759d797c99f639786eb4e59f772db167c2819' -> '/Volumes/13256950926/Mybook/.git/objects/20/5759d797c99f639786eb4e59f772db167c2819' (180)
2020-03-04 19:37:29: 新建复制 '/Users/zhongyp/Mybook/.git/objects/23/a7d4590bdbe910bcfeea3e1905346f23c627b9' -> '/Volumes/13256950926/Mybook/.git/objects/23/a7d4590bdbe910bcfeea3e1905346f23c627b9' (33,821)
2020-03-04 19:37:30: 新建复制 '/Users/zhongyp/Mybook/.git/objects/24/e1f0306ac539f399ecba645281dc788fba32cb' -> '/Volumes/13256950926/Mybook/.git/objects/24/e1f0306ac539f399ecba645281dc788fba32cb' (85,560,694)
2020-03-04 19:37:31: 新建复制 '/Users/zhongyp/Mybook/.git/objects/28/568da090433cd1ad6f77bd01efcdefa2c94512' -> '/Volumes/13256950926/Mybook/.git/objects/28/568da090433cd1ad6f77bd01efcdefa2c94512' (190,254,597)
2020-03-04 19:37:31: 新建复制 '/Users/zhongyp/Mybook/.git/objects/3d/2f3b283a8678ef376c2fcb94180f849fd5f45a' -> '/Volumes/13256950926/Mybook/.git/objects/3d/2f3b283a8678ef376c2fcb94180f849fd5f45a' (892)
2020-03-04 19:37:32: 新建复制 '/Users/zhongyp/Mybook/.git/objects/3f/0edbc25f07b6ec74c66255681defbae9a744f3' -> '/Volumes/13256950926/Mybook/.git/objects/3f/0edbc25f07b6ec74c66255681defbae9a744f3' (29,792,852)
2020-03-04 19:37:32: 新建复制 '/Users/zhongyp/Mybook/.git/objects/4a/a6b2abd3e92e76127c4c6340cd3da008188837' -> '/Volumes/13256950926/Mybook/.git/objects/4a/a6b2abd3e92e76127c4c6340cd3da008188837' (1,390,833)
2020-03-04 19:37:32: 新建复制 '/Users/zhongyp/Mybook/.git/objects/4f/dcaafa73851a2f7a5de7a49e76569662ebdaa8' -> '/Volumes/13256950926/Mybook/.git/objects/4f/dcaafa73851a2f7a5de7a49e76569662ebdaa8' (217)
2020-03-04 19:37:32: 新建复制 '/Users/zhongyp/Mybook/.git/objects/52/0a77a2122133c8c9b5c338dbe9c06be6f574cf' -> '/Volumes/13256950926/Mybook/.git/objects/52/0a77a2122133c8c9b5c338dbe9c06be6f574cf' (76,204,257)
2020-03-04 19:37:32: 新建复制 '/Users/zhongyp/Mybook/.git/objects/66/2a58b57afccb5a5966c664b81d7fd9b44e237e' -> '/Volumes/13256950926/Mybook/.git/objects/66/2a58b57afccb5a5966c664b81d7fd9b44e237e' (392)
2020-03-04 19:37:32: 新建复制 '/Users/zhongyp/Mybook/.git/objects/66/acb2fd8532944414d3c133763f98d798b1c40f' -> '/Volumes/13256950926/Mybook/.git/objects/66/acb2fd8532944414d3c133763f98d798b1c40f' (222)
2020-03-04 19:37:32: 新建复制 '/Users/zhongyp/Mybook/.git/objects/6b/b11f73c1d36f35fefcb4ff422d09a5128e1f1a' -> '/Volumes/13256950926/Mybook/.git/objects/6b/b11f73c1d36f35fefcb4ff422d09a5128e1f1a' (1,249)
2020-03-04 19:37:32: 新建复制 '/Users/zhongyp/Mybook/.git/objects/79/366a123c11e5719ed87983f41066a75d6d577a' -> '/Volumes/13256950926/Mybook/.git/objects/79/366a123c11e5719ed87983f41066a75d6d577a' (8,741,247)
2020-03-04 19:37:33: 新建复制 '/Users/zhongyp/Mybook/.git/objects/81/cc685083164803d81790aa48ff1bedb08ab14b' -> '/Volumes/13256950926/Mybook/.git/objects/81/cc685083164803d81790aa48ff1bedb08ab14b' (24,324,337)
2020-03-04 19:37:33: 新建复制 '/Users/zhongyp/Mybook/.git/objects/87/34f7a080fc8a9d2d036d19f98eb4746c4fdeb3' -> '/Volumes/13256950926/Mybook/.git/objects/87/34f7a080fc8a9d2d036d19f98eb4746c4fdeb3' (234)
2020-03-04 19:37:33: 新建复制 '/Users/zhongyp/Mybook/.git/objects/89/ca91d0b162b89e478e088b2d28fca06497e0a0' -> '/Volumes/13256950926/Mybook/.git/objects/89/ca91d0b162b89e478e088b2d28fca06497e0a0' (1,380,436)
2020-03-04 19:37:34: 新建复制 '/Users/zhongyp/Mybook/.git/objects/8e/865a0d31c865341882f6717bb122e4a798a5ca' -> '/Volumes/13256950926/Mybook/.git/objects/8e/865a0d31c865341882f6717bb122e4a798a5ca' (158,392,116)
2020-03-04 19:37:34: 新建复制 '/Users/zhongyp/Mybook/.git/objects/96/3cb125e119f7905909c0d22f9d7a4b98598b63' -> '/Volumes/13256950926/Mybook/.git/objects/96/3cb125e119f7905909c0d22f9d7a4b98598b63' (155)
2020-03-04 19:37:34: 新建复制 '/Users/zhongyp/Mybook/.git/objects/98/95958128503ec261372e6076dc8c50fc92627f' -> '/Volumes/13256950926/Mybook/.git/objects/98/95958128503ec261372e6076dc8c50fc92627f' (167)
2020-03-04 19:37:34: 新建复制 '/Users/zhongyp/Mybook/.git/objects/9d/cad9267b7586669aba8cf4fb68768e95b7d757' -> '/Volumes/13256950926/Mybook/.git/objects/9d/cad9267b7586669aba8cf4fb68768e95b7d757' (181)
2020-03-04 19:37:34: 新建复制 '/Users/zhongyp/Mybook/.git/objects/a1/a3d89edf0ccefbcdde56182d987c7d425a33c9' -> '/Volumes/13256950926/Mybook/.git/objects/a1/a3d89edf0ccefbcdde56182d987c7d425a33c9' (52,666,534)
2020-03-04 19:37:35: 新建复制 '/Users/zhongyp/Mybook/.git/objects/a8/8a1e18ce6ac8292d2181f5c44104dd828c24a6' -> '/Volumes/13256950926/Mybook/.git/objects/a8/8a1e18ce6ac8292d2181f5c44104dd828c24a6' (12,939,892)
2020-03-04 19:37:35: 新建复制 '/Users/zhongyp/Mybook/.git/objects/a9/f77a89315a663cff37728387826a97d8dbef93' -> '/Volumes/13256950926/Mybook/.git/objects/a9/f77a89315a663cff37728387826a97d8dbef93' (50,297,959)
2020-03-04 19:37:35: 新建复制 '/Users/zhongyp/Mybook/.git/objects/ad/e361df8768fb78073836d07d9037d1e2224c27' -> '/Volumes/13256950926/Mybook/.git/objects/ad/e361df8768fb78073836d07d9037d1e2224c27' (3,674,564)
2020-03-04 19:37:35: 新建复制 '/Users/zhongyp/Mybook/.git/objects/af/50ec8a7276ce84192bbfd37b11d08acf1e4fc2' -> '/Volumes/13256950926/Mybook/.git/objects/af/50ec8a7276ce84192bbfd37b11d08acf1e4fc2' (486)
2020-03-04 19:37:35: 新建复制 '/Users/zhongyp/Mybook/.git/objects/af/8d16b30278d5fc4f8734941964ed7025bf6853' -> '/Volumes/13256950926/Mybook/.git/objects/af/8d16b30278d5fc4f8734941964ed7025bf6853' (13,293,273)
2020-03-04 19:37:37: 新建复制 '/Users/zhongyp/Mybook/.git/objects/b5/010bfadb2633d72c6e1dbc3d2e48912a60f096' -> '/Volumes/13256950926/Mybook/.git/objects/b5/010bfadb2633d72c6e1dbc3d2e48912a60f096' (192,489,828)
2020-03-04 19:37:38: 覆盖复制 '/Volumes/13256950926/Mybook/.git/objects/c3/1cb2156fe87379d9bdf3819e7c9d648a5c8206' -> '/Users/zhongyp/Mybook/.git/objects/c3/1cb2156fe87379d9bdf3819e7c9d648a5c8206' (30,596,383) (User Action)
2020-03-04 19:37:38: 新建复制 '/Users/zhongyp/Mybook/.git/objects/c3/f4db8ac47bf9e13370dca35a50b692242571ea' -> '/Volumes/13256950926/Mybook/.git/objects/c3/f4db8ac47bf9e13370dca35a50b692242571ea' (634)
2020-03-04 19:37:38: 新建复制 '/Users/zhongyp/Mybook/.git/objects/c5/85a5f3867c6c5d2f8771e85fe6c5e94a81f985' -> '/Volumes/13256950926/Mybook/.git/objects/c5/85a5f3867c6c5d2f8771e85fe6c5e94a81f985' (35,260)
2020-03-04 19:37:38: 新建复制 '/Users/zhongyp/Mybook/.git/objects/c8/0290c6fdea806e0eb1b7c0818769100ecb0b81' -> '/Volumes/13256950926/Mybook/.git/objects/c8/0290c6fdea806e0eb1b7c0818769100ecb0b81' (316)
2020-03-04 19:37:38: 新建复制 '/Users/zhongyp/Mybook/.git/objects/cc/f9f2072796a517dd13f0c50d0ae2cbcf7b3ecb' -> '/Volumes/13256950926/Mybook/.git/objects/cc/f9f2072796a517dd13f0c50d0ae2cbcf7b3ecb' (170)
2020-03-04 19:37:38: 新建复制 '/Users/zhongyp/Mybook/.git/objects/d6/880ca9f24bf3976eb51b326a2b73241d1b0960' -> '/Volumes/13256950926/Mybook/.git/objects/d6/880ca9f24bf3976eb51b326a2b73241d1b0960' (108,154,850)
2020-03-04 19:37:38: 新建复制 '/Users/zhongyp/Mybook/.git/objects/d9/14a0aa1807b12a62370848948b6f8a2cd1c4a6' -> '/Volumes/13256950926/Mybook/.git/objects/d9/14a0aa1807b12a62370848948b6f8a2cd1c4a6' (728)
2020-03-04 19:37:38: 新建复制 '/Users/zhongyp/Mybook/.git/objects/da/a6ac4c1121e29380971be18f381756f6c0d30f' -> '/Volumes/13256950926/Mybook/.git/objects/da/a6ac4c1121e29380971be18f381756f6c0d30f' (547)
2020-03-04 19:37:39: 覆盖复制 '/Volumes/13256950926/Mybook/.git/objects/e1/34addeb5ca33b637b3cd0df5ec842db1089e61' -> '/Users/zhongyp/Mybook/.git/objects/e1/34addeb5ca33b637b3cd0df5ec842db1089e61' (678) (User Action)
2020-03-04 19:37:39: 新建复制 '/Users/zhongyp/Mybook/.git/objects/f0/63c2f415e8a593eb17467b6b173a910bd6d6d2' -> '/Volumes/13256950926/Mybook/.git/objects/f0/63c2f415e8a593eb17467b6b173a910bd6d6d2' (486)
2020-03-04 19:37:39: 新建复制 '/Users/zhongyp/Mybook/.git/objects/f0/8b450e30bdc0d97fc21cd848ece40cc4d9f721' -> '/Volumes/13256950926/Mybook/.git/objects/f0/8b450e30bdc0d97fc21cd848ece40cc4d9f721' (100)
2020-03-04 19:37:43: 覆盖复制 '/Volumes/13256950926/Mybook/.git/objects/pack/pack-764e17bd121a9a29d8a68ceb6cd99c2aad0de3e7.pack' -> '/Users/zhongyp/Mybook/.git/objects/pack/pack-764e17bd121a9a29d8a68ceb6cd99c2aad0de3e7.pack' (499,279,508) (User Action)
2020-03-04 19:37:43: 新建复制 '/Users/zhongyp/Mybook/.git/objects/pack/pack-816934effe8bb9590d7b5960e563ba8ea14011af.idx' -> '/Volumes/13256950926/Mybook/.git/objects/pack/pack-816934effe8bb9590d7b5960e563ba8ea14011af.idx' (1,100)
2020-03-04 19:37:48: 新建复制 '/Users/zhongyp/Mybook/.git/objects/pack/pack-816934effe8bb9590d7b5960e563ba8ea14011af.pack' -> '/Volumes/13256950926/Mybook/.git/objects/pack/pack-816934effe8bb9590d7b5960e563ba8ea14011af.pack' (640,419,345)
2020-03-04 19:37:48: 覆盖复制 '/Volumes/13256950926/Mybook/.git/ORIG_HEAD' -> '/Users/zhongyp/Mybook/.git/ORIG_HEAD' (41) (User Action)
2020-03-04 19:37:48: 覆盖复制 '/Volumes/13256950926/Mybook/.git/refs/heads/master' -> '/Users/zhongyp/Mybook/.git/refs/heads/master' (41) (User Action)
2020-03-04 19:37:48: 覆盖复制 '/Volumes/13256950926/Mybook/.git/refs/remotes/origin/master' -> '/Users/zhongyp/Mybook/.git/refs/remotes/origin/master' (41) (User Action)
2020-03-04 19:37:48: 覆盖复制 '/Volumes/13256950926/Mybook/.gitignore' -> '/Users/zhongyp/Mybook/.gitignore' (180) (User Action)
2020-03-04 19:37:49: 新建复制 '/Volumes/13256950926/Mybook/architecture/Jenkins权威指南.pdf' -> '/Users/zhongyp/Mybook/architecture/Jenkins权威指南.pdf' (68,023,345)
2020-03-04 19:37:50: 新建复制 '/Volumes/13256950926/Mybook/architecture/亿级流量网站架构核心技术 跟开涛学搭建高可用高并发系统.pdf' -> '/Users/zhongyp/Mybook/architecture/亿级流量网站架构核心技术 跟开涛学搭建高可用高并发系统.pdf' (183,538,603)
2020-03-04 19:37:50: 新建复制 '/Volumes/13256950926/Mybook/coder/Nginx开发从入门到精通.pdf' -> '/Users/zhongyp/Mybook/coder/Nginx开发从入门到精通.pdf' (1,588,065)
2020-03-04 19:37:50: 新建复制 '/Volumes/13256950926/Mybook/coder/设计模式.pdf' -> '/Users/zhongyp/Mybook/coder/设计模式.pdf' (10,933,137)
2020-03-04 19:37:50: 新建复制 '/Users/zhongyp/Mybook/database/《Redis实战》红丸出品.pdf' -> '/Volumes/13256950926/Mybook/database/《Redis实战》红丸出品.pdf' (1,350,784)
2020-03-04 19:37:50: 新建复制 '/Users/zhongyp/Mybook/framework/Kafka深度解析.pdf' -> '/Volumes/13256950926/Mybook/framework/Kafka深度解析.pdf' (4,580,090)
2020-03-04 19:37:50: 新建复制 '/Users/zhongyp/Mybook/framework/ZooKeeper.mobi' -> '/Volumes/13256950926/Mybook/framework/ZooKeeper.mobi' (3,579,621)
2020-03-04 19:37:52: 新建复制 '/Volumes/13256950926/Mybook/java/Java性能优化权威指南.pdf' -> '/Users/zhongyp/Mybook/java/Java性能优化权威指南.pdf' (155,809,975)
2020-03-04 19:37:57: 新建复制 '/Volumes/13256950926/Mybook/java/疯狂JAVA讲义.pdf' -> '/Users/zhongyp/Mybook/java/疯狂JAVA讲义.pdf' (640,306,673)
2020-03-04 19:37:57: 新建复制 '/Volumes/13256950926/Mybook/middleware/Kafka深度解析.pdf' -> '/Users/zhongyp/Mybook/middleware/Kafka深度解析.pdf' (4,580,090)
2020-03-04 19:37:58: 新建复制 '/Volumes/13256950926/Mybook/middleware/RabbitMQ实战  高效部署分布式消息队列.pdf' -> '/Users/zhongyp/Mybook/middleware/RabbitMQ实战  高效部署分布式消息队列.pdf' (93,812,883)
2020-03-04 19:37:58: 新建复制 '/Volumes/13256950926/Mybook/middleware/RabbitMQ实战指南.pdf' -> '/Users/zhongyp/Mybook/middleware/RabbitMQ实战指南.pdf' (81,273,497)
2020-03-04 19:37:58: 新建复制 '/Volumes/13256950926/Mybook/middleware/ZooKeeper.mobi' -> '/Users/zhongyp/Mybook/middleware/ZooKeeper.mobi' (3,579,621)
2020-03-04 19:37:59: 新建复制 '/Volumes/13256950926/Mybook/minds/程序员必读之软件架构.pdf' -> '/Users/zhongyp/Mybook/minds/程序员必读之软件架构.pdf' (43,591,698)
2020-03-04 19:37:59: 新建复制 '/Volumes/13256950926/Mybook/minds/素数之恋黎曼和数学中最大的未解之谜-德比希尔-2014.pdf' -> '/Users/zhongyp/Mybook/minds/素数之恋黎曼和数学中最大的未解之谜-德比希尔-2014.pdf' (13,435,900)
2020-03-04 19:38:00: 新建复制 '/Volumes/13256950926/Mybook/minds/计算机程序设计艺术第一卷高清中文版.pdf' -> '/Users/zhongyp/Mybook/minds/计算机程序设计艺术第一卷高清中文版.pdf' (160,580,516)
2020-03-04 19:38:02: 新建复制 '/Volumes/13256950926/Mybook/minds/计算机程序设计艺术第三卷高清中文版.pdf' -> '/Users/zhongyp/Mybook/minds/计算机程序设计艺术第三卷高清中文版.pdf' (194,777,109)
2020-03-04 19:38:03: 新建复制 '/Volumes/13256950926/Mybook/minds/计算机程序设计艺术第二卷高清中文版.pdf' -> '/Users/zhongyp/Mybook/minds/计算机程序设计艺术第二卷高清中文版.pdf' (192,553,864)
2020-03-04 19:38:04: 新建复制 '/Volumes/13256950926/Mybook/tools/D750.pdf' -> '/Users/zhongyp/Mybook/tools/D750.pdf' (28,309,319)
2020-03-04 19:38:04: 新建复制 '/Volumes/13256950926/Mybook/tools/dotguide.pdf' -> '/Users/zhongyp/Mybook/tools/dotguide.pdf' (283,995)
2020-03-04 19:38:04: 新建复制 '/Volumes/13256950926/Mybook/tools/Linux命令行与shell脚本编程大全（第2版）.pdf' -> '/Users/zhongyp/Mybook/tools/Linux命令行与shell脚本编程大全（第2版）.pdf' (51,470,824)
2020-03-04 19:38:04: 新建复制 '/Volumes/13256950926/Mybook/tools/Shell高级编程(中文版).pdf' -> '/Users/zhongyp/Mybook/tools/Shell高级编程(中文版).pdf' (1,576,380)
2020-03-04 19:38:04: == 同步完成. 历时: 00:00:00, 速度: 0.00/s, 完成: 1,134, 错误: 0
2020-03-04 19:38:04: 
